The target system is: Generic - 2.4.99 - arm
The host system is: Windows - 10.0.18363 - AMD64
Compiling the C compiler identification source file "CMakeCCompilerId.c" succeeded.
Compiler: C:/Users/mafio/ncs/v1.5.0/toolchain/opt/bin/arm-none-eabi-gcc.exe 
Build flags: 
Id flags: -c 

The output was:
0


Compilation of the C compiler identification source "CMakeCCompilerId.c" produced "CMakeCCompilerId.o"

The C compiler identification is GNU, found in "C:/Users/mafio/ncs/v1.5.0/zephyr/samples/bluetooth/peripheral_Otown/build/hci_rpmsg/CMakeFiles/3.20.2/CompilerIdC/CMakeCCompilerId.o"

Compiling the CXX compiler identification source file "CMakeCXXCompilerId.cpp" succeeded.
Compiler: C:/Users/mafio/ncs/v1.5.0/toolchain/opt/bin/arm-none-eabi-gcc.exe 
Build flags: 
Id flags: -c 

The output was:
0


Compilation of the CXX compiler identification source "CMakeCXXCompilerId.cpp" produced "CMakeCXXCompilerId.o"

The CXX compiler identification is GNU, found in "C:/Users/mafio/ncs/v1.5.0/zephyr/samples/bluetooth/peripheral_Otown/build/hci_rpmsg/CMakeFiles/3.20.2/CompilerIdCXX/CMakeCXXCompilerId.o"

Checking whether the ASM compiler is GNU using "--version" matched "(GNU assembler)|(GCC)|(Free Software Foundation)":
arm-none-eabi-gcc.exe (GNU Tools for Arm Embedded Processors 9-2019-q4-major) 9.2.1 20191025 (release) [ARM/arm-9-branch revision 277599]
Copyright (C) 2019 Free Software Foundation, Inc.
This is free software; see the source for copying conditions.  There is NO
warranty; not even for MERCHANTABILITY or FITNESS FOR A PARTICULAR PURPOSE.

Determining if files stdatomic.h exist passed with the following output:
Change Dir: C:/Users/mafio/ncs/v1.5.0/zephyr/samples/bluetooth/peripheral_Otown/build/hci_rpmsg/CMakeFiles/CMakeTmp

Run Build Command(s):C:/Users/mafio/ncs/v1.5.0/toolchain/opt/bin/ninja.exe cmTC_6f004 && [1/2] Building C object CMakeFiles/cmTC_6f004.dir/HAVE_STDATOMIC_H.c.obj
[2/2] Linking C executable cmTC_6f004
arm-none-eabi-gcc.exe: warning: CMakeFiles/cmTC_6f004.dir/HAVE_STDATOMIC_H.c.obj: linker input file unused because linking not done



Determining if files fcntl.h exist passed with the following output:
Change Dir: C:/Users/mafio/ncs/v1.5.0/zephyr/samples/bluetooth/peripheral_Otown/build/hci_rpmsg/CMakeFiles/CMakeTmp

Run Build Command(s):C:/Users/mafio/ncs/v1.5.0/toolchain/opt/bin/ninja.exe cmTC_68a65 && [1/2] Building C object CMakeFiles/cmTC_68a65.dir/HAVE_FCNTL_H.c.obj
[2/2] Linking C executable cmTC_68a65
arm-none-eabi-gcc.exe: warning: CMakeFiles/cmTC_68a65.dir/HAVE_FCNTL_H.c.obj: linker input file unused because linking not done



